<?xml version="1.0" encoding="UTF-8"?>
<testsuite name="TaskTest" tests="4" skipped="0" failures="0" errors="0" timestamp="2018-10-08T11:29:50" hostname="josiah" time="0.005">
  <properties/>
  <testcase name="getId_tasksInstantiateWithAnID_1" classname="TaskTest" time="0.004"/>
  <testcase name="all_returnsAllInstancesOfTask_true" classname="TaskTest" time="0.001"/>
  <testcase name="find_returnsTaskWithSameId_secondTask" classname="TaskTest" time="0.0"/>
  <testcase name="clear_emptiesAllTasksFromArrayList_0" classname="TaskTest" time="0.0"/>
  <system-out><![CDATA[]]></system-out>
  <system-err><![CDATA[]]></system-err>
</testsuite>
