<?xml version="1.0" encoding="UTF-8"?>
<testsuite name="SquadTest" tests="4" skipped="0" failures="0" errors="0" timestamp="2018-10-08T11:29:50" hostname="josiah" time="0.003">
  <properties/>
  <testcase name="category_instantiatesCorrectly_true" classname="SquadTest" time="0.001"/>
  <testcase name="all_returnsAllInstancesOfCategory_true" classname="SquadTest" time="0.0"/>
  <testcase name="getName_categoryInstantiatesWithName_Home" classname="SquadTest" time="0.001"/>
  <testcase name="clear_emptiesAllCategoriesFromList_0" classname="SquadTest" time="0.0"/>
  <system-out><![CDATA[]]></system-out>
  <system-err><![CDATA[]]></system-err>
</testsuite>
